<?xml version="1.0" encoding="UTF-8"?>
<testsuite name="org.rooney.james.HelloWorldApplicationTests" tests="1" skipped="0" failures="0" errors="0" timestamp="2015-09-30T10:18:59" hostname="olympic" time="0.004">
  <properties/>
  <testcase name="contextLoads" classname="org.rooney.james.HelloWorldApplicationTests" time="0.004"/>
  <system-out><![CDATA[11:18:59.275 [Test worker] DEBUG o.s.t.c.j.SpringJUnit4ClassRunner - SpringJUnit4ClassRunner constructor called with [class org.rooney.james.HelloWorldApplicationTests]
11:18:59.283 [Test worker] DEBUG o.s.test.context.BootstrapUtils - Instantiating CacheAwareContextLoaderDelegate from class [org.springframework.test.context.cache.DefaultCacheAwareContextLoaderDelegate]
11:18:59.286 [Test worker] DEBUG o.s.test.context.BootstrapUtils - Instantiating BootstrapContext using constructor [public org.springframework.test.context.support.DefaultBootstrapContext(java.lang.Class,org.springframework.test.context.CacheAwareContextLoaderDelegate)]
11:18:59.292 [Test worker] DEBUG o.s.test.context.BootstrapUtils - Instantiating TestContextBootstrapper for test class [org.rooney.james.HelloWorldApplicationTests] from class [org.springframework.test.context.support.DefaultTestContextBootstrapper]
11:18:59.309 [Test worker] DEBUG o.s.t.c.s.DefaultTestContextBootstrapper - Found explicit ContextLoader class [org.springframework.boot.test.SpringApplicationContextLoader] for context configuration attributes [ContextConfigurationAttributes@34eb6ec9 declaringClass = 'org.rooney.james.HelloWorldApplicationTests', classes = '{class org.rooney.james.HelloWorldApplication}', locations = '{}', inheritLocations = true, initializers = '{}', inheritInitializers = true, name = [null], contextLoaderClass = 'org.springframework.boot.test.SpringApplicationContextLoader']
11:18:59.313 [Test worker] DEBUG o.s.t.c.support.ActiveProfilesUtils - Could not find an 'annotation declaring class' for annotation type [org.springframework.test.context.ActiveProfiles] and class [org.rooney.james.HelloWorldApplicationTests]
11:18:59.315 [Test worker] DEBUG o.s.t.c.s.DefaultTestContextBootstrapper - @TestExecutionListeners is not present for class [org.rooney.james.HelloWorldApplicationTests]: using defaults.
11:18:59.322 [Test worker] INFO  o.s.t.c.s.DefaultTestContextBootstrapper - Loaded default TestExecutionListener class names from location [META-INF/spring.factories]: [org.springframework.test.context.web.ServletTestExecutionListener, org.springframework.test.context.support.DirtiesContextBeforeModesTestExecutionListener, org.springframework.test.context.support.DependencyInjectionTestExecutionListener, org.springframework.test.context.support.DirtiesContextTestExecutionListener, org.springframework.test.context.transaction.TransactionalTestExecutionListener, org.springframework.test.context.jdbc.SqlScriptsTestExecutionListener]
11:18:59.325 [Test worker] INFO  o.s.t.c.s.DefaultTestContextBootstrapper - Could not instantiate TestExecutionListener [org.springframework.test.context.web.ServletTestExecutionListener]. Specify custom listener classes or make the default listener classes (and their required dependencies) available. Offending class: [javax/servlet/ServletContext]
11:18:59.333 [Test worker] INFO  o.s.t.c.s.DefaultTestContextBootstrapper - Using TestExecutionListeners: [org.springframework.test.context.support.DirtiesContextBeforeModesTestExecutionListener@3d49782, org.springframework.test.context.support.DependencyInjectionTestExecutionListener@63649bae, org.springframework.test.context.support.DirtiesContextTestExecutionListener@a2625bf, org.springframework.test.context.transaction.TransactionalTestExecutionListener@79ec90e4, org.springframework.test.context.jdbc.SqlScriptsTestExecutionListener@5e2370dc]
11:18:59.335 [Test worker] DEBUG o.s.t.annotation.ProfileValueUtils - Retrieved @ProfileValueSourceConfiguration [null] for test class [org.rooney.james.HelloWorldApplicationTests]
11:18:59.335 [Test worker] DEBUG o.s.t.annotation.ProfileValueUtils - Retrieved ProfileValueSource type [class org.springframework.test.annotation.SystemProfileValueSource] for class [org.rooney.james.HelloWorldApplicationTests]
11:18:59.337 [Test worker] DEBUG o.s.t.annotation.ProfileValueUtils - Retrieved @ProfileValueSourceConfiguration [null] for test class [org.rooney.james.HelloWorldApplicationTests]
11:18:59.337 [Test worker] DEBUG o.s.t.annotation.ProfileValueUtils - Retrieved ProfileValueSource type [class org.springframework.test.annotation.SystemProfileValueSource] for class [org.rooney.james.HelloWorldApplicationTests]
11:18:59.338 [Test worker] DEBUG o.s.t.annotation.ProfileValueUtils - Retrieved @ProfileValueSourceConfiguration [null] for test class [org.rooney.james.HelloWorldApplicationTests]
11:18:59.338 [Test worker] DEBUG o.s.t.annotation.ProfileValueUtils - Retrieved ProfileValueSource type [class org.springframework.test.annotation.SystemProfileValueSource] for class [org.rooney.james.HelloWorldApplicationTests]
11:18:59.339 [Test worker] DEBUG o.s.t.c.s.AbstractDirtiesContextTestExecutionListener - Before test class: context [DefaultTestContext@3354045 testClass = HelloWorldApplicationTests, testInstance = [null], testMethod = [null], testException = [null], mergedContextConfiguration = [MergedContextConfiguration@44ca8e9b testClass = HelloWorldApplicationTests, locations = '{}', classes = '{class org.rooney.james.HelloWorldApplication}', contextInitializerClasses = '[]', activeProfiles = '{}', propertySourceLocations = '{}', propertySourceProperties = '{}', contextLoader = 'org.springframework.boot.test.SpringApplicationContextLoader', parent = [null]]], class annotated with @DirtiesContext [false] with mode [null].
11:18:59.339 [Test worker] DEBUG o.s.t.annotation.ProfileValueUtils - Retrieved @ProfileValueSourceConfiguration [null] for test class [org.rooney.james.HelloWorldApplicationTests]
11:18:59.340 [Test worker] DEBUG o.s.t.annotation.ProfileValueUtils - Retrieved ProfileValueSource type [class org.springframework.test.annotation.SystemProfileValueSource] for class [org.rooney.james.HelloWorldApplicationTests]
11:18:59.341 [Test worker] DEBUG o.s.t.c.s.DependencyInjectionTestExecutionListener - Performing dependency injection for test context [[DefaultTestContext@3354045 testClass = HelloWorldApplicationTests, testInstance = org.rooney.james.HelloWorldApplicationTests@35de3e56, testMethod = [null], testException = [null], mergedContextConfiguration = [MergedContextConfiguration@44ca8e9b testClass = HelloWorldApplicationTests, locations = '{}', classes = '{class org.rooney.james.HelloWorldApplication}', contextInitializerClasses = '[]', activeProfiles = '{}', propertySourceLocations = '{}', propertySourceProperties = '{}', contextLoader = 'org.springframework.boot.test.SpringApplicationContextLoader', parent = [null]]]].
11:18:59.386 [Test worker] DEBUG o.s.core.env.StandardEnvironment - Adding [systemProperties] PropertySource with lowest search precedence
11:18:59.388 [Test worker] DEBUG o.s.core.env.StandardEnvironment - Adding [systemEnvironment] PropertySource with lowest search precedence
11:18:59.388 [Test worker] DEBUG o.s.core.env.StandardEnvironment - Initialized StandardEnvironment with PropertySources [systemProperties,systemEnvironment]
11:18:59.389 [Test worker] DEBUG o.s.core.env.StandardEnvironment - Adding [integrationTest] PropertySource with search precedence immediately lower than [systemEnvironment]

  .   ____          _            __ _ _
 /\\ / ___'_ __ _ _(_)_ __  __ _ \ \ \ \
( ( )\___ | '_ | '_| | '_ \/ _` | \ \ \ \
 \\/  ___)| |_)| | | | | || (_| |  ) ) ) )
  '  |____| .__|_| |_|_| |_\__, | / / / /
 =========|_|==============|___/=/_/_/_/
 :: Spring Boot ::             (v1.3.0.M5)

2015-09-30 11:18:59.571  INFO 7973 --- [    Test worker] o.r.james.HelloWorldApplicationTests     : Starting HelloWorldApplicationTests on olympic with PID 7973 (/home/jamesvrooney/Desktop/udemy-hibernate-course/section-03/02-hello-world/build/classes/test started by jamesvrooney in /home/jamesvrooney/Desktop/udemy-hibernate-course/section-03/02-hello-world)
2015-09-30 11:18:59.586  INFO 7973 --- [    Test worker] s.c.a.AnnotationConfigApplicationContext : Refreshing org.springframework.context.annotation.AnnotationConfigApplicationContext@6f867b4b: startup date [Wed Sep 30 11:18:59 BST 2015]; root of context hierarchy
2015-09-30 11:18:59.638  INFO 7973 --- [    Test worker] o.r.james.HelloWorldApplicationTests     : Started HelloWorldApplicationTests in 0.248 seconds (JVM running for 0.888)
]]></system-out>
  <system-err><![CDATA[]]></system-err>
</testsuite>
